Tuesday 3rd November 2020 02:32:25 PM [INFO] ::: [app.database.php]  Database connected successfully 
Tuesday 3rd November 2020 02:32:25 PM [INFO] ::: [app.database.php]  Query(Status-success) : INSERT INTO prod_categories(categoryName, categoryDesc) VALUES ('Goods and Services','Antega Antega'); 
Tuesday 3rd November 2020 03:30:41 PM [INFO] ::: [app.database.php]  Database connected successfully 
Tuesday 3rd November 2020 03:41:10 PM [INFO] ::: [app.database.php]  Database connected successfully 
Tuesday 3rd November 2020 03:47:47 PM [INFO] ::: [app.database.php]  Database connected successfully 
Tuesday 3rd November 2020 04:33:19 PM [INFO] ::: [app.database.php]  Database connected successfully 
Tuesday 3rd November 2020 04:33:19 PM [INFO] ::: [app.database.php]  Query(Status-success) : INSERT INTO prod_categories(categoryName, categoryDesc) VALUES ('Anup','SuperMan'); 
Tuesday 3rd November 2020 04:35:26 PM [INFO] ::: [app.database.php]  Database connected successfully 
Tuesday 3rd November 2020 04:35:26 PM [INFO] ::: [app.database.php]  Query(Status-success) : INSERT INTO prod_categories(categoryName, categoryDesc) VALUES ('vbg','wdef'); 
Tuesday 3rd November 2020 04:38:49 PM [INFO] ::: [app.database.php]  Database connected successfully 
Tuesday 3rd November 2020 04:46:26 PM [INFO] ::: [app.database.php]  Database connected successfully 
Tuesday 3rd November 2020 04:47:38 PM [INFO] ::: [app.database.php]  Database connected successfully 
Tuesday 3rd November 2020 04:48:35 PM [INFO] ::: [app.database.php]  Database connected successfully 
Tuesday 3rd November 2020 04:48:51 PM [INFO] ::: [app.database.php]  Database connected successfully 
Tuesday 3rd November 2020 04:59:04 PM [INFO] ::: [app.database.php]  Database connected successfully 
Tuesday 3rd November 2020 04:59:34 PM [INFO] ::: [app.database.php]  Database connected successfully 
Tuesday 3rd November 2020 05:00:26 PM [INFO] ::: [app.database.php]  Database connected successfully 
Tuesday 3rd November 2020 05:01:03 PM [INFO] ::: [app.database.php]  Database connected successfully 
Tuesday 3rd November 2020 05:02:27 PM [INFO] ::: [app.database.php]  Database connected successfully 
Tuesday 3rd November 2020 05:04:05 PM [INFO] ::: [app.database.php]  Database connected successfully 
Tuesday 3rd November 2020 05:04:46 PM [INFO] ::: [app.database.php]  Database connected successfully 
Tuesday 3rd November 2020 05:04:51 PM [INFO] ::: [app.database.php]  Database connected successfully 
Tuesday 3rd November 2020 05:04:51 PM [INFO] ::: [app.database.php]  Query(Status-success) : INSERT INTO prod_categories_sub(cat_Id, subCategoriesName, subCategoriesDesc) VALUES ('1', 'sdfd', 'efwe'); 
Tuesday 3rd November 2020 05:05:25 PM [INFO] ::: [app.database.php]  Database connected successfully 
Tuesday 3rd November 2020 05:11:52 PM [INFO] ::: [app.database.php]  Database connected successfully 
Tuesday 3rd November 2020 05:11:52 PM [INFO] ::: [app.database.php]  Query(Status-success) : INSERT INTO prod_categories(categoryName, categoryDesc) VALUES ('Hello','Hello'); 
Tuesday 3rd November 2020 05:12:27 PM [INFO] ::: [app.database.php]  Database connected successfully 
Tuesday 3rd November 2020 05:12:27 PM [INFO] ::: [app.database.php]  Query(Status-success) : INSERT INTO prod_categories(categoryName, categoryDesc) VALUES ('Hello','Hello'); 
Tuesday 3rd November 2020 05:19:11 PM [INFO] ::: [app.database.php]  Database connected successfully 
Tuesday 3rd November 2020 05:19:17 PM [INFO] ::: [app.database.php]  Database connected successfully 
Tuesday 3rd November 2020 05:19:33 PM [INFO] ::: [app.database.php]  Database connected successfully 
Tuesday 3rd November 2020 05:19:33 PM [INFO] ::: [app.database.php]  Database connected successfully 
Tuesday 3rd November 2020 05:19:33 PM [INFO] ::: [app.database.php]  Query(Status-success) : INSERT INTO prod_categories(categoryName, categoryDesc) VALUES ('Hello1','Hello'); 
Tuesday 3rd November 2020 05:19:40 PM [INFO] ::: [app.database.php]  Database connected successfully 
Tuesday 3rd November 2020 05:23:07 PM [INFO] ::: [app.database.php]  Database connected successfully 
Tuesday 3rd November 2020 05:40:23 PM [INFO] ::: [app.database.php]  Database connected successfully 
Tuesday 3rd November 2020 05:40:43 PM [INFO] ::: [app.database.php]  Database connected successfully 
Tuesday 3rd November 2020 05:40:43 PM [INFO] ::: [app.database.php]  Database connected successfully 
Tuesday 3rd November 2020 05:42:25 PM [INFO] ::: [app.database.php]  Database connected successfully 
Tuesday 3rd November 2020 05:43:06 PM [INFO] ::: [app.database.php]  Database connected successfully 
Tuesday 3rd November 2020 05:43:22 PM [INFO] ::: [app.database.php]  Database connected successfully 
Tuesday 3rd November 2020 05:43:52 PM [INFO] ::: [app.database.php]  Database connected successfully 
Tuesday 3rd November 2020 05:46:44 PM [INFO] ::: [app.database.php]  Database connected successfully 
Tuesday 3rd November 2020 05:48:01 PM [INFO] ::: [app.database.php]  Database connected successfully 
Tuesday 3rd November 2020 05:48:08 PM [INFO] ::: [app.database.php]  Database connected successfully 
Tuesday 3rd November 2020 05:49:15 PM [INFO] ::: [app.database.php]  Database connected successfully 
Tuesday 3rd November 2020 05:49:39 PM [INFO] ::: [app.database.php]  Database connected successfully 
Tuesday 3rd November 2020 05:50:45 PM [INFO] ::: [app.database.php]  Database connected successfully 
Tuesday 3rd November 2020 05:51:06 PM [INFO] ::: [app.database.php]  Database connected successfully 
Tuesday 3rd November 2020 05:51:06 PM [INFO] ::: [app.database.php]  Database connected successfully 
Tuesday 3rd November 2020 05:51:06 PM [INFO] ::: [app.database.php]  Database connected successfully 
Tuesday 3rd November 2020 05:51:06 PM [INFO] ::: [app.database.php]  Database connected successfully 
Tuesday 3rd November 2020 05:51:06 PM [INFO] ::: [app.database.php]  Database connected successfully 
Tuesday 3rd November 2020 05:51:06 PM [INFO] ::: [app.database.php]  Database connected successfully 
Tuesday 3rd November 2020 05:51:06 PM [INFO] ::: [app.database.php]  Database connected successfully 
Tuesday 3rd November 2020 05:51:27 PM [INFO] ::: [app.database.php]  Database connected successfully 
Tuesday 3rd November 2020 05:51:27 PM [INFO] ::: [app.database.php]  Database connected successfully 
Tuesday 3rd November 2020 05:51:27 PM [INFO] ::: [app.database.php]  Database connected successfully 
Tuesday 3rd November 2020 05:51:27 PM [INFO] ::: [app.database.php]  Database connected successfully 
Tuesday 3rd November 2020 05:51:27 PM [INFO] ::: [app.database.php]  Database connected successfully 
Tuesday 3rd November 2020 05:51:27 PM [INFO] ::: [app.database.php]  Database connected successfully 
Tuesday 3rd November 2020 05:51:27 PM [INFO] ::: [app.database.php]  Database connected successfully 
Tuesday 3rd November 2020 05:52:04 PM [INFO] ::: [app.database.php]  Database connected successfully 
Tuesday 3rd November 2020 05:52:04 PM [INFO] ::: [app.database.php]  Database connected successfully 
Tuesday 3rd November 2020 05:52:04 PM [INFO] ::: [app.database.php]  Database connected successfully 
Tuesday 3rd November 2020 05:52:04 PM [INFO] ::: [app.database.php]  Database connected successfully 
Tuesday 3rd November 2020 05:52:04 PM [INFO] ::: [app.database.php]  Database connected successfully 
Tuesday 3rd November 2020 05:52:04 PM [INFO] ::: [app.database.php]  Database connected successfully 
Tuesday 3rd November 2020 05:52:04 PM [INFO] ::: [app.database.php]  Database connected successfully 
Tuesday 3rd November 2020 05:52:27 PM [INFO] ::: [app.database.php]  Database connected successfully 
Tuesday 3rd November 2020 05:52:27 PM [INFO] ::: [app.database.php]  Database connected successfully 
Tuesday 3rd November 2020 05:52:27 PM [INFO] ::: [app.database.php]  Database connected successfully 
Tuesday 3rd November 2020 05:52:27 PM [INFO] ::: [app.database.php]  Database connected successfully 
Tuesday 3rd November 2020 05:52:27 PM [INFO] ::: [app.database.php]  Database connected successfully 
Tuesday 3rd November 2020 05:52:27 PM [INFO] ::: [app.database.php]  Database connected successfully 
Tuesday 3rd November 2020 05:52:27 PM [INFO] ::: [app.database.php]  Database connected successfully 
Tuesday 3rd November 2020 05:53:11 PM [INFO] ::: [app.database.php]  Database connected successfully 
Tuesday 3rd November 2020 05:53:11 PM [INFO] ::: [app.database.php]  Database connected successfully 
Tuesday 3rd November 2020 05:53:11 PM [INFO] ::: [app.database.php]  Database connected successfully 
Tuesday 3rd November 2020 05:53:11 PM [INFO] ::: [app.database.php]  Database connected successfully 
Tuesday 3rd November 2020 05:53:11 PM [INFO] ::: [app.database.php]  Database connected successfully 
Tuesday 3rd November 2020 05:53:11 PM [INFO] ::: [app.database.php]  Database connected successfully 
Tuesday 3rd November 2020 05:53:11 PM [INFO] ::: [app.database.php]  Database connected successfully 
Tuesday 3rd November 2020 05:53:32 PM [INFO] ::: [app.database.php]  Database connected successfully 
Tuesday 3rd November 2020 05:53:32 PM [INFO] ::: [app.database.php]  Query(Status-success) : INSERT INTO prod_categories_sub(cat_Id, subCategoriesName, subCategoriesDesc) VALUES ('3', 'asdes', 'awdaw'); 
Tuesday 3rd November 2020 05:53:36 PM [INFO] ::: [app.database.php]  Database connected successfully 
Tuesday 3rd November 2020 05:53:36 PM [INFO] ::: [app.database.php]  Database connected successfully 
Tuesday 3rd November 2020 05:53:36 PM [INFO] ::: [app.database.php]  Database connected successfully 
Tuesday 3rd November 2020 05:53:36 PM [INFO] ::: [app.database.php]  Database connected successfully 
Tuesday 3rd November 2020 05:53:36 PM [INFO] ::: [app.database.php]  Database connected successfully 
Tuesday 3rd November 2020 05:53:36 PM [INFO] ::: [app.database.php]  Database connected successfully 
Tuesday 3rd November 2020 05:53:36 PM [INFO] ::: [app.database.php]  Database connected successfully 
Tuesday 3rd November 2020 05:57:58 PM [INFO] ::: [app.database.php]  Database connected successfully 
Tuesday 3rd November 2020 05:57:58 PM [INFO] ::: [app.database.php]  Database connected successfully 
Tuesday 3rd November 2020 05:57:58 PM [INFO] ::: [app.database.php]  Database connected successfully 
Tuesday 3rd November 2020 05:57:58 PM [INFO] ::: [app.database.php]  Database connected successfully 
Tuesday 3rd November 2020 05:57:58 PM [INFO] ::: [app.database.php]  Database connected successfully 
Tuesday 3rd November 2020 05:57:58 PM [INFO] ::: [app.database.php]  Database connected successfully 
Tuesday 3rd November 2020 05:57:58 PM [INFO] ::: [app.database.php]  Database connected successfully 
Tuesday 3rd November 2020 05:58:40 PM [INFO] ::: [app.database.php]  Database connected successfully 
Tuesday 3rd November 2020 05:58:40 PM [INFO] ::: [app.database.php]  Database connected successfully 
Tuesday 3rd November 2020 05:58:40 PM [INFO] ::: [app.database.php]  Database connected successfully 
Tuesday 3rd November 2020 05:58:40 PM [INFO] ::: [app.database.php]  Database connected successfully 
Tuesday 3rd November 2020 05:58:40 PM [INFO] ::: [app.database.php]  Database connected successfully 
Tuesday 3rd November 2020 05:58:40 PM [INFO] ::: [app.database.php]  Database connected successfully 
Tuesday 3rd November 2020 05:58:40 PM [INFO] ::: [app.database.php]  Database connected successfully 
Tuesday 3rd November 2020 06:05:48 PM [INFO] ::: [app.database.php]  Database connected successfully 
Tuesday 3rd November 2020 06:05:48 PM [INFO] ::: [app.database.php]  Database connected successfully 
Tuesday 3rd November 2020 06:05:48 PM [INFO] ::: [app.database.php]  Database connected successfully 
Tuesday 3rd November 2020 06:05:48 PM [INFO] ::: [app.database.php]  Database connected successfully 
Tuesday 3rd November 2020 06:05:48 PM [INFO] ::: [app.database.php]  Database connected successfully 
Tuesday 3rd November 2020 06:05:48 PM [INFO] ::: [app.database.php]  Database connected successfully 
Tuesday 3rd November 2020 06:05:48 PM [INFO] ::: [app.database.php]  Database connected successfully 
Tuesday 3rd November 2020 06:06:20 PM [INFO] ::: [app.database.php]  Database connected successfully 
Tuesday 3rd November 2020 06:07:02 PM [INFO] ::: [app.database.php]  Database connected successfully 
Tuesday 3rd November 2020 06:07:13 PM [INFO] ::: [app.database.php]  Database connected successfully 
Tuesday 3rd November 2020 06:07:27 PM [INFO] ::: [app.database.php]  Database connected successfully 
Tuesday 3rd November 2020 06:07:54 PM [INFO] ::: [app.database.php]  Database connected successfully 
Tuesday 3rd November 2020 06:09:09 PM [INFO] ::: [app.database.php]  Database connected successfully 
Tuesday 3rd November 2020 06:09:27 PM [INFO] ::: [app.database.php]  Database connected successfully 
Tuesday 3rd November 2020 06:10:14 PM [INFO] ::: [app.database.php]  Database connected successfully 
Tuesday 3rd November 2020 06:11:23 PM [INFO] ::: [app.database.php]  Database connected successfully 
Tuesday 3rd November 2020 06:13:24 PM [INFO] ::: [app.database.php]  Database connected successfully 
Tuesday 3rd November 2020 06:13:48 PM [INFO] ::: [app.database.php]  Database connected successfully 
Tuesday 3rd November 2020 06:14:04 PM [INFO] ::: [app.database.php]  Database connected successfully 
Tuesday 3rd November 2020 06:14:26 PM [INFO] ::: [app.database.php]  Database connected successfully 
Tuesday 3rd November 2020 06:15:05 PM [INFO] ::: [app.database.php]  Database connected successfully 
Tuesday 3rd November 2020 06:15:36 PM [INFO] ::: [app.database.php]  Database connected successfully 
Tuesday 3rd November 2020 06:16:25 PM [INFO] ::: [app.database.php]  Database connected successfully 
Tuesday 3rd November 2020 06:16:38 PM [INFO] ::: [app.database.php]  Database connected successfully 
Tuesday 3rd November 2020 06:43:58 PM [INFO] ::: [app.database.php]  Database connected successfully 
Tuesday 3rd November 2020 06:44:37 PM [INFO] ::: [app.database.php]  Database connected successfully 
Tuesday 3rd November 2020 06:45:51 PM [INFO] ::: [app.database.php]  Database connected successfully 
Tuesday 3rd November 2020 06:46:09 PM [INFO] ::: [app.database.php]  Database connected successfully 
Tuesday 3rd November 2020 06:46:20 PM [INFO] ::: [app.database.php]  Database connected successfully 
Tuesday 3rd November 2020 06:58:21 PM [INFO] ::: [app.database.php]  Database connected successfully 
Tuesday 3rd November 2020 06:58:21 PM [INFO] ::: [app.database.php]  Database connected successfully 
Tuesday 3rd November 2020 06:58:21 PM [INFO] ::: [app.database.php]  Database connected successfully 
Tuesday 3rd November 2020 06:58:21 PM [INFO] ::: [app.database.php]  Database connected successfully 
Tuesday 3rd November 2020 06:58:21 PM [INFO] ::: [app.database.php]  Database connected successfully 
Tuesday 3rd November 2020 06:58:21 PM [INFO] ::: [app.database.php]  Database connected successfully 
Tuesday 3rd November 2020 06:58:21 PM [INFO] ::: [app.database.php]  Database connected successfully 
Tuesday 3rd November 2020 07:16:32 PM [INFO] ::: [app.database.php]  Database connected successfully 
Tuesday 3rd November 2020 07:17:10 PM [INFO] ::: [app.database.php]  Database connected successfully 
Tuesday 3rd November 2020 07:18:00 PM [INFO] ::: [app.database.php]  Database connected successfully 
Tuesday 3rd November 2020 07:18:12 PM [INFO] ::: [app.database.php]  Database connected successfully 
Tuesday 3rd November 2020 07:18:52 PM [INFO] ::: [app.database.php]  Database connected successfully 
Tuesday 3rd November 2020 07:19:14 PM [INFO] ::: [app.database.php]  Database connected successfully 
Tuesday 3rd November 2020 07:19:46 PM [INFO] ::: [app.database.php]  Database connected successfully 
Tuesday 3rd November 2020 07:20:36 PM [INFO] ::: [app.database.php]  Database connected successfully 
Tuesday 3rd November 2020 07:23:38 PM [INFO] ::: [app.database.php]  Database connected successfully 
Tuesday 3rd November 2020 07:28:57 PM [INFO] ::: [app.database.php]  Database connected successfully 
Tuesday 3rd November 2020 07:30:32 PM [INFO] ::: [app.database.php]  Database connected successfully 
Tuesday 3rd November 2020 07:31:06 PM [INFO] ::: [app.database.php]  Database connected successfully 
Tuesday 3rd November 2020 07:31:54 PM [INFO] ::: [app.database.php]  Database connected successfully 
Tuesday 3rd November 2020 07:33:21 PM [INFO] ::: [app.database.php]  Database connected successfully 
Tuesday 3rd November 2020 07:33:53 PM [INFO] ::: [app.database.php]  Database connected successfully 
Tuesday 3rd November 2020 07:34:43 PM [INFO] ::: [app.database.php]  Database connected successfully 
Tuesday 3rd November 2020 07:35:36 PM [INFO] ::: [app.database.php]  Database connected successfully 
Tuesday 3rd November 2020 07:36:40 PM [INFO] ::: [app.database.php]  Database connected successfully 
Tuesday 3rd November 2020 07:40:10 PM [INFO] ::: [app.database.php]  Database connected successfully 
Tuesday 3rd November 2020 07:40:24 PM [INFO] ::: [app.database.php]  Database connected successfully 
Tuesday 3rd November 2020 07:42:16 PM [INFO] ::: [app.database.php]  Database connected successfully 
Tuesday 3rd November 2020 07:43:20 PM [INFO] ::: [app.database.php]  Database connected successfully 
Tuesday 3rd November 2020 08:11:39 PM [INFO] ::: [app.database.php]  Database connected successfully 
Tuesday 3rd November 2020 08:13:02 PM [INFO] ::: [app.database.php]  Database connected successfully 
Tuesday 3rd November 2020 08:14:01 PM [INFO] ::: [app.database.php]  Database connected successfully 
Tuesday 3rd November 2020 08:14:17 PM [INFO] ::: [app.database.php]  Database connected successfully 
Tuesday 3rd November 2020 08:14:38 PM [INFO] ::: [app.database.php]  Database connected successfully 
Tuesday 3rd November 2020 08:15:49 PM [INFO] ::: [app.database.php]  Database connected successfully 
Tuesday 3rd November 2020 08:16:12 PM [INFO] ::: [app.database.php]  Database connected successfully 
Tuesday 3rd November 2020 08:16:37 PM [INFO] ::: [app.database.php]  Database connected successfully 
Tuesday 3rd November 2020 08:16:46 PM [INFO] ::: [app.database.php]  Database connected successfully 
Tuesday 3rd November 2020 08:17:26 PM [INFO] ::: [app.database.php]  Database connected successfully 
Tuesday 3rd November 2020 08:18:07 PM [INFO] ::: [app.database.php]  Database connected successfully 
Tuesday 3rd November 2020 08:18:34 PM [INFO] ::: [app.database.php]  Database connected successfully 
Tuesday 3rd November 2020 08:18:48 PM [INFO] ::: [app.database.php]  Database connected successfully 
Tuesday 3rd November 2020 08:19:30 PM [INFO] ::: [app.database.php]  Database connected successfully 
Tuesday 3rd November 2020 08:20:07 PM [INFO] ::: [app.database.php]  Database connected successfully 
Tuesday 3rd November 2020 08:23:25 PM [INFO] ::: [app.database.php]  Database connected successfully 
Tuesday 3rd November 2020 08:43:15 PM [INFO] ::: [app.database.php]  Database connected successfully 
Tuesday 3rd November 2020 08:44:06 PM [INFO] ::: [app.database.php]  Database connected successfully 
Tuesday 3rd November 2020 08:44:43 PM [INFO] ::: [app.database.php]  Database connected successfully 
Tuesday 3rd November 2020 08:45:08 PM [INFO] ::: [app.database.php]  Database connected successfully 
Tuesday 3rd November 2020 08:46:44 PM [INFO] ::: [app.database.php]  Database connected successfully 
Tuesday 3rd November 2020 08:47:29 PM [INFO] ::: [app.database.php]  Database connected successfully 
Tuesday 3rd November 2020 08:50:00 PM [INFO] ::: [app.database.php]  Database connected successfully 
Tuesday 3rd November 2020 08:51:10 PM [INFO] ::: [app.database.php]  Database connected successfully 
Tuesday 3rd November 2020 08:51:55 PM [INFO] ::: [app.database.php]  Database connected successfully 
Tuesday 3rd November 2020 08:52:16 PM [INFO] ::: [app.database.php]  Database connected successfully 
Tuesday 3rd November 2020 08:53:03 PM [INFO] ::: [app.database.php]  Database connected successfully 
Tuesday 3rd November 2020 08:54:02 PM [INFO] ::: [app.database.php]  Database connected successfully 
Tuesday 3rd November 2020 08:54:15 PM [INFO] ::: [app.database.php]  Database connected successfully 
Tuesday 3rd November 2020 08:54:49 PM [INFO] ::: [app.database.php]  Database connected successfully 
Tuesday 3rd November 2020 08:55:25 PM [INFO] ::: [app.database.php]  Database connected successfully 
Tuesday 3rd November 2020 09:17:25 PM [INFO] ::: [app.database.php]  Database connected successfully 
Tuesday 3rd November 2020 09:27:48 PM [INFO] ::: [app.database.php]  Database connected successfully 
Tuesday 3rd November 2020 09:28:07 PM [INFO] ::: [app.database.php]  Database connected successfully 
Tuesday 3rd November 2020 09:28:35 PM [INFO] ::: [app.database.php]  Database connected successfully 
Tuesday 3rd November 2020 09:29:09 PM [INFO] ::: [app.database.php]  Database connected successfully 
Tuesday 3rd November 2020 09:29:35 PM [INFO] ::: [app.database.php]  Database connected successfully 
Tuesday 3rd November 2020 09:30:25 PM [INFO] ::: [app.database.php]  Database connected successfully 
Tuesday 3rd November 2020 09:30:54 PM [INFO] ::: [app.database.php]  Database connected successfully 
Tuesday 3rd November 2020 09:33:23 PM [INFO] ::: [app.database.php]  Database connected successfully 
Tuesday 3rd November 2020 10:24:25 PM [INFO] ::: [app.database.php]  Database connected successfully 
Wednesday 4th November 2020 12:01:02 AM [INFO] ::: [app.database.php]  Database connected successfully 
Wednesday 4th November 2020 12:01:22 AM [INFO] ::: [app.database.php]  Database connected successfully 
Wednesday 4th November 2020 12:01:28 AM [INFO] ::: [app.database.php]  Database connected successfully 
Wednesday 4th November 2020 12:01:38 AM [INFO] ::: [app.database.php]  Database connected successfully 
Wednesday 4th November 2020 12:01:38 AM [INFO] ::: [app.database.php]  Database connected successfully 
Wednesday 4th November 2020 12:01:38 AM [INFO] ::: [app.database.php]  Query(Status-success) : INSERT INTO prod_categories(categoryName, categoryDesc) VALUES ('Test','Test'); 
Wednesday 4th November 2020 12:01:42 AM [INFO] ::: [app.database.php]  Database connected successfully 
Wednesday 4th November 2020 12:01:46 AM [INFO] ::: [app.database.php]  Database connected successfully 
Wednesday 4th November 2020 12:01:49 AM [INFO] ::: [app.database.php]  Database connected successfully 
Wednesday 4th November 2020 12:04:08 AM [INFO] ::: [app.database.php]  Database connected successfully 
Wednesday 4th November 2020 12:04:08 AM [INFO] ::: [app.database.php]  Database connected successfully 
Wednesday 4th November 2020 12:04:08 AM [INFO] ::: [app.database.php]  Query(Status-success) : INSERT INTO prod_categories(categoryName, categoryDesc) VALUES ('Hello2','Hello2'); 
Wednesday 4th November 2020 12:04:44 AM [INFO] ::: [app.database.php]  Database connected successfully 
Wednesday 4th November 2020 12:10:31 AM [INFO] ::: [app.database.php]  Database connected successfully 
Wednesday 4th November 2020 12:11:01 AM [INFO] ::: [app.database.php]  Database connected successfully 
Wednesday 4th November 2020 12:22:54 AM [INFO] ::: [app.database.php]  Database connected successfully 
Wednesday 4th November 2020 07:38:04 PM [INFO] ::: [app.database.php]  Database connected successfully 
Thursday 5th November 2020 09:56:27 PM [INFO] ::: [app.database.php]  Database connected successfully 
Thursday 5th November 2020 10:22:02 PM [INFO] ::: [app.database.php]  Database connected successfully 
Thursday 5th November 2020 10:23:27 PM [INFO] ::: [app.database.php]  Database connected successfully 
Thursday 5th November 2020 10:24:53 PM [INFO] ::: [app.database.php]  Database connected successfully 
Thursday 5th November 2020 10:25:17 PM [INFO] ::: [app.database.php]  Database connected successfully 
Thursday 5th November 2020 10:25:36 PM [INFO] ::: [app.database.php]  Database connected successfully 
Thursday 5th November 2020 10:42:19 PM [INFO] ::: [app.database.php]  Database connected successfully 
Thursday 5th November 2020 10:42:55 PM [INFO] ::: [app.database.php]  Database connected successfully 
Thursday 5th November 2020 10:44:56 PM [INFO] ::: [app.database.php]  Database connected successfully 
Thursday 5th November 2020 10:45:26 PM [INFO] ::: [app.database.php]  Database connected successfully 
Thursday 5th November 2020 10:46:39 PM [INFO] ::: [app.database.php]  Database connected successfully 
Thursday 5th November 2020 10:48:57 PM [INFO] ::: [app.database.php]  Database connected successfully 
Thursday 5th November 2020 10:57:27 PM [INFO] ::: [app.database.php]  Database connected successfully 
Thursday 5th November 2020 10:58:42 PM [INFO] ::: [app.database.php]  Database connected successfully 
Thursday 5th November 2020 10:58:58 PM [INFO] ::: [app.database.php]  Database connected successfully 
Thursday 5th November 2020 10:59:10 PM [INFO] ::: [app.database.php]  Database connected successfully 
Thursday 5th November 2020 10:59:31 PM [INFO] ::: [app.database.php]  Database connected successfully 
Thursday 5th November 2020 11:00:31 PM [INFO] ::: [app.database.php]  Database connected successfully 
Thursday 5th November 2020 11:28:29 PM [INFO] ::: [app.database.php]  Database connected successfully 
Thursday 5th November 2020 11:29:56 PM [INFO] ::: [app.database.php]  Database connected successfully 
Thursday 5th November 2020 11:30:37 PM [INFO] ::: [app.database.php]  Database connected successfully 
Thursday 5th November 2020 11:38:15 PM [INFO] ::: [app.database.php]  Database connected successfully 
Thursday 5th November 2020 11:40:18 PM [INFO] ::: [app.database.php]  Database connected successfully 
